  main.cpp
C:\Users\WORKSTATION\Desktop\计算机图形学\openGL_work0\openGL_work0\main.cpp(71,11): warning C4244: “=”: 从“double”转换到“float”，可能丢失数据
C:\Users\WORKSTATION\Desktop\计算机图形学\openGL_work0\openGL_work0\main.cpp(72,14): warning C4244: “=”: 从“double”转换到“GLfloat”，可能丢失数据
C:\Users\WORKSTATION\Desktop\计算机图形学\openGL_work0\openGL_work0\main.cpp(73,11): warning C4244: “=”: 从“double”转换到“float”，可能丢失数据
C:\Users\WORKSTATION\Desktop\计算机图形学\openGL_work0\openGL_work0\main.cpp(86,11): warning C4244: “=”: 从“double”转换到“float”，可能丢失数据
C:\Users\WORKSTATION\Desktop\计算机图形学\openGL_work0\openGL_work0\main.cpp(87,12): warning C4244: “=”: 从“double”转换到“float”，可能丢失数据
C:\Users\WORKSTATION\Desktop\计算机图形学\openGL_work0\openGL_work0\main.cpp(90,12): warning C4244: “=”: 从“double”转换到“float”，可能丢失数据
C:\Users\WORKSTATION\Desktop\计算机图形学\openGL_work0\openGL_work0\main.cpp(113,24): warning C4244: “=”: 从“double”转换到“GLfloat”，可能丢失数据
C:\Users\WORKSTATION\Desktop\计算机图形学\openGL_work0\openGL_work0\main.cpp(115,51): warning C4244: “=”: 从“double”转换到“GLfloat”，可能丢失数据
C:\Users\WORKSTATION\Desktop\计算机图形学\openGL_work0\openGL_work0\main.cpp(119,24): warning C4244: “=”: 从“double”转换到“GLfloat”，可能丢失数据
C:\Users\WORKSTATION\Desktop\计算机图形学\openGL_work0\openGL_work0\main.cpp(187,26): warning C4244: “=”: 从“double”转换到“GLfloat”，可能丢失数据
C:\Users\WORKSTATION\Desktop\计算机图形学\openGL_work0\openGL_work0\main.cpp(188,26): warning C4244: “=”: 从“double”转换到“GLfloat”，可能丢失数据
C:\Users\WORKSTATION\Desktop\计算机图形学\openGL_work0\openGL_work0\main.cpp(189,26): warning C4244: “=”: 从“double”转换到“GLfloat”，可能丢失数据
C:\Users\WORKSTATION\Desktop\计算机图形学\openGL_work0\openGL_work0\main.cpp(190,26): warning C4244: “=”: 从“double”转换到“GLfloat”，可能丢失数据
C:\Users\WORKSTATION\Desktop\计算机图形学\openGL_work0\openGL_work0\main.cpp(209,55): warning C4305: “初始化”: 从“double”到“GLfloat”截断
C:\Users\WORKSTATION\Desktop\计算机图形学\openGL_work0\openGL_work0\main.cpp(293,26): warning C4244: “参数”: 从“double”转换到“GLfloat”，可能丢失数据
C:\Users\WORKSTATION\Desktop\计算机图形学\openGL_work0\openGL_work0\main.cpp(293,20): warning C4244: “参数”: 从“double”转换到“GLfloat”，可能丢失数据
C:\Users\WORKSTATION\Desktop\计算机图形学\openGL_work0\openGL_work0\main.cpp(293,14): warning C4244: “参数”: 从“double”转换到“GLfloat”，可能丢失数据
C:\Users\WORKSTATION\Desktop\计算机图形学\openGL_work0\openGL_work0\main.cpp(299,12): warning C4244: “=”: 从“int”转换到“float”，可能丢失数据
C:\Users\WORKSTATION\Desktop\计算机图形学\openGL_work0\openGL_work0\main.cpp(300,12): warning C4244: “=”: 从“int”转换到“float”，可能丢失数据
C:\Users\WORKSTATION\Desktop\计算机图形学\openGL_work0\openGL_work0\main.cpp(310,19): warning C4305: “初始化”: 从“double”到“float”截断
C:\Users\WORKSTATION\Desktop\计算机图形学\openGL_work0\openGL_work0\main.cpp(316,12): warning C4244: “=”: 从“int”转换到“float”，可能丢失数据
C:\Users\WORKSTATION\Desktop\计算机图形学\openGL_work0\openGL_work0\main.cpp(317,12): warning C4244: “=”: 从“int”转换到“float”，可能丢失数据
C:\Users\WORKSTATION\Desktop\计算机图形学\openGL_work0\openGL_work0\main.cpp(427,12): warning C4244: “=”: 从“int”转换到“float”，可能丢失数据
C:\Users\WORKSTATION\Desktop\计算机图形学\openGL_work0\openGL_work0\main.cpp(428,12): warning C4244: “=”: 从“int”转换到“float”，可能丢失数据
C:\Users\WORKSTATION\Desktop\计算机图形学\openGL_work0\openGL_work0\main.cpp(437,12): warning C4244: “=”: 从“int”转换到“float”，可能丢失数据
C:\Users\WORKSTATION\Desktop\计算机图形学\openGL_work0\openGL_work0\main.cpp(438,12): warning C4244: “=”: 从“int”转换到“float”，可能丢失数据
C:\Users\WORKSTATION\Desktop\计算机图形学\openGL_work0\openGL_work0\main.cpp(444,11): warning C4244: “=”: 从“int”转换到“float”，可能丢失数据
C:\Users\WORKSTATION\Desktop\计算机图形学\openGL_work0\openGL_work0\main.cpp(445,11): warning C4244: “=”: 从“int”转换到“float”，可能丢失数据
  正在生成代码
  2 of 371 functions ( 0.5%) were compiled, the rest were copied from previous compilation.
    0 functions were new in current compilation
    0 functions had inline decision re-evaluated but remain unchanged
  已完成代码的生成
  openGL_work0.vcxproj -> C:\Users\WORKSTATION\Desktop\计算机图形学\openGL_work0\x64\Release\openGL_work0.exe
